-------------------------------------------------------------------------------
Test set: runner.TestRunner
-------------------------------------------------------------------------------
Tests run: 1, Failures: 1, Errors: 0, Skipped: 0, Time elapsed: 56.46 sec <<< FAILURE! - in runner.TestRunner
feature(runner.TestRunner)  Time elapsed: 55.639 sec  <<< FAILURE!
cucumber.runtime.CucumberException: org.junit.ComparisonFailure: expected:<http://[www.]uno.edu/prospectives...> but was:<http://[]uno.edu/prospectives...>
Caused by: org.junit.ComparisonFailure: expected:<http://[www.]uno.edu/prospectives...> but was:<http://[]uno.edu/prospectives...>

