<?xml version="1.0" encoding="UTF-8"?>
<testsuite xmlns:xsi="http://www.w3.org/2001/XMLSchema-instance" xsi:schemaLocation="https://maven.apache.org/surefire/maven-surefire-plugin/xsd/surefire-test-report.xsd" name="runner.TestRunner" time="56.46" tests="1" errors="0" skipped="0" failures="1">
  <properties>
[...]
</properties>
  <testcase name="feature" classname="runner.TestRunner" time="55.639">
    <failure message="org.junit.ComparisonFailure: expected:&lt;http://[www.]uno.edu/prospectives...&gt; but was:&lt;http://[]uno.edu/prospectives...&gt;" type="cucumber.runtime.CucumberException"><![CDATA[cucumber.runtime.CucumberException: org.junit.ComparisonFailure: expected:<http://[www.]uno.edu/prospectives...> but was:<http://[]uno.edu/prospectives...>
Caused by: org.junit.ComparisonFailure: expected:<http://[www.]uno.edu/prospectives...> but was:<http://[]uno.edu/prospectives...>
]]></failure>
    <system-out><![CDATA[***************Initializing Properties file*******************
Going to uno.edu on Mozilla
Clicking ABOUT
Expected Result  - ABOUT_UNO
Expected Result  - UNO_AT_GLANCE
Expected Result  - MISSION_VISION
Expected Result  - Administrative_OFFICE
Expected Result  - OFFICE_PRESIDENT
Expected Result  - ALUMNI
Expected Result  - UNO_HISTORY
***************Initializing Properties file*******************
Going to uno.edu on Mozilla
Clicking PROSPECTIVE_STUDENTS
***************Initializing Properties file*******************
Going to uno.edu on Mozilla
Expected Result  - NON_DISC_FTR_LNK
Expected Result  - EMERGENCY_FTR_LNK
Expected Result  - CONTACT_FTR_LNK
Expected Result  - SACSOC_FTR_LNK
Expected Result  - COPYRIGHT_FTR_LNK
***************Initializing Properties file*******************
Going to uno.edu on Mozilla
Clicking FACEBOOK
URL is matching --> Part executed
***************Initializing Properties file*******************
Going to uno.edu on Mozilla
Clicking GIVING
Navigated succesfsully to window with sepcified number: 1
Hovered on element Gift_BUSINESS_ADMIN
]]></system-out>
  </testcase>
</testsuite>